[   .000000] Initializing cgroup subsys cpuset
[    0.000000] Initializing grupsubsys cpu
[   0.000000] Initializin croup subsys cpuacct
[    0.000000] Linux version 4.4.0-154-generic (buildd@lgw01-amd64-049) (gcc version 5.4.0 20160609 (Ubuntu 5.4.0-6ubuntu1~16.04.10) ) #181-Ubuntu SMP Tue Jun 25 05:29:03 UTC 2019 (Ubuntu 4.4.0-154.181-generic 4.4.179)
[    0.000000] Command line: BOOT_IMAGE=/boot/vmlinuz-4.4.0-154-generic root=LABEL=cloudimg-rootfs ro console=tty1 console=ttyS0
[    0.000000] KERNEL supported cpus:
[    0.000000]   Intel GenuineIntel
[    0.000000]   AMD AuthenticAMD
[    0.000000]   Centaur CentaurHauls
[   0.000000] x86/fpu: xstate_offset[2]:  576, xstate_sizes[2]:  256
[    0.000000] x86/fpu: Supporting XSAVE feature 0x01: 'x87 floating point registers'
[    0.000000] x86/fpu: Supporting XSAVE feature 0x02: 'SSE registers'
[    0.000000] x86/fpu: Supporting XSAVE feature 0x04: 'AVX registers'
[    0.000000] x86/fpu: Enabled xstate features 0x7, context size is 832 bytes, using 'standard' format.
[    0.000000] e820: BIOS-provided physical RAM map:
[    0.000000] BIOS-e820: [mem 0x0000000000000000-0x000000000009fbff] usable
[    0.000000] BIOS-e820: [mem 0x000000000009fc00-0x000000000009ffff] reserved
[    0.000000] BIOS-e820: [mem 0x00000000000f0000-0x00000000000fffff] reserved
[    .00000] BIOS-e820: [mem 0x0000000000100000-0x000000003ffeffff] usable
[    0.00000] BIOS-e820: [mem 0x000000003fff0000-0x000000003fffffff] ACPI data
[    0.000000] BIOS-e820: [mem 0x00000000fec00000-0x00000000fecc00fff] reserved
[    0.000000] BIOS-e820: [mem 0x00000000fee00000-0x0000000ee00fff] reserved
[   0.000000] BIOS-e820: [mem 0x00000000fffc0000-0x00000000ffffffff] reseve
[    0.000000] NX (Execute Disable) protection: active
[    0.000000] SMBIOS 2.5 present.
[    0.000000] Hypervisor detected: KVM
[    0.000000] e820: last_pfn = 0x3fff0 max_arch_pfn = 0x400000000
[    0.000000] MTRR: Disabled
[    0.000000] x86/PAT: MTRRs disabled, skipping PAT initialization too.
[    0.000000] CPU MTRRs all blank - virtualized system.
[    0.000000] x86/PAT: Configuration [0-7]: WB  WT  UC- UC  WB  WT  UC- UC  
[    0.000000] found SMP MP-table at [mem 0x0009fff0-0x0009ffff] mapped at [ffff88000009fff0]
[    0.000000] Scanning 1 areas for low memory corruption
[    0.000000] RAMDISK: [mem 0x362f8000-0x37173fff]
[    0.000000] ACPI: Early table checksum verification disabled
[    0.000000] ACPI: RSDP 0x00000000000E0000 000024 (v02 VBOX  )
[    0.000000] ACPI: XSDT 0x000000003FFF0030 00003C (v01 VBOX   VBOXXSDT 00000001 ASL  00000061)
[    0.000000] ACPI: FACP 0x000000003FFF00F0 0000F4 (v04 VBOX   VBOXFACP 00000001 ASL  00000061)
[    0.000000] ACPI: DSDT 0x000000003FFF0470 0021FF (v02 VBOX   VBOXBIOS 00000002 INTL 20100528)
[    0.000000] ACPI: FACS 0x000000003FFF0200 000040
[    0.000000] ACPI: FACS 0x000000003FFF0200 000040
[    0.000000] ACPI: APIC 0x000000003FFF0240 00005C (v02 VBOX   VBOXAPIC 00000001 ASL  00000061)
[    0.000000] ACPI: SSDT 0x000000003FFF02A0 0001CC (v01 VBOX   VBOXCPUT 00000002 INTL 20100528)
[    0.000000] No NUMA configuration found
[    0.000000] Faking a node at [mem 0x0000000000000000-0x000000003ffeffff]
[    0.000000] NODE_DATA(0) allocated [mem 0x3ffeb000-03ffeffff]
[   0.000000] vmclock: Using msrs 4b564d01 and 4b564d00
[    0.000000] kvm-clock: cpu 0, msr 0:3ffe3001, primary cpu clock
[    0.000000] kvm-clock: using sched offset of 9017381036 cycles
[    0.000000] clocksource: kvm-clock: mask: 0xffffffffffffffff max_cycles: 0x1cd42e4dffb, max_idle_ns: 881590591483 ns
[    0.000000] Zone ranges:
[    0.000000]   DMA      [mem 0x0000000000001000-0x0000000000ffffff]
[    0.000000]   DMA32    [mem 0x0000000001000000-0x000000003ffeffff]
[    0.000000]   Normal   empty
[    0.000000]   Device   empty
[    0.000000] Movable zone start for each node
[    0.000000] Early memory node ranges
[    0.000000]   node   0: [mem 0x0000000000001000-0x000000000009efff]
[    0.000000]   node   0: [mem 0x0000000000100000-0x000000003ffeffff]
[    0.000000] Initmem setup node 0 [mem 0x0000000000001000-0x000000003ffeffff]
[    0.000000] ACPI: PM-Timer IO Port: 0x4008
[    0.000000] IOAPIC[0]: apic_id 2, version 32, address 0xfec00000, GSI 0-23
[    0.000000] ACPI: INT_SRC_OVR (bus 0 bus_irq 0 global_irq 2 dfl dfl)
[    0.000000] ACPI: INT_SRC_OVR (bus 0 bus_irq 9 global_irq 9 low level)
[    0.000000] Using ACPI (MADT) for SMP configuration information
[    0.000000] smpboot: Allowing 2 CPUs, 0 hotplug CPUs
[    0.000000] PM: Registered nosave memory: [mem 0x00000000-0x00000fff]
[    0.000000] PM: Registered nosave memory: [mem 0x0009f000-0x0009ffff]
[    0.000000] PM: Registered nosve memory: [mem 0x000a0000-0x000effff]
[    0.000000] PM: Registered nosave memory: [mem 0x000f0000-0x000fffff]
[   0.000000] e820: [mem 0x40000000-0xfebfffff] available for PCI devices
[   .00000] Booting paravirtualized kernel on KVM
[    0.000000] clocksource: refined-jiffies: mask: 0xffffffff max_cycles: 0xffffffff, max_idle_ns: 7645519600211568 ns
[    0.000000] setup_percpu: NR_CPUS:512 nr_cpumask_bits:512 nr_cpu_ids:2 nr_node_ids:1
[    0.000000] PERCPU: Embedded 34 pages/cpu @ffff88003fc00000 s99480 r8192 d31592 u1048576
[    0.000000] Built 1 zonelists in Node order, mobility grouping on.  Total pages: 257912
[    0.000000] Policy zone: DMA32
[    0.000000] Kernel command line: BOOT_IMAGE=/boot/vmlinuz-4.4.0-154-generic root=LABEL=cloudimg-rootfs ro console=tty1 console=ttyS0
[    0.000000] PID hash table entries: 4096 (order: 3, 32768 bytes)
[    0.000000] Memory: 997728K/1048120K available (8613K kernel code, 1335K rwdata, 4028K rodata, 1484K init, 1284K bss, 50392K reserved, 0K cma-reserved)
[    0.000000] SLUB: HWalign=64, Order=0-3, MinObjects=0, CPUs=2, Nodes=1
[    0.000000] Kernel/User page tables isolation: enabled
[    0.000000] Hierarchical RCU implementation.
[    0.000000] 	Build-time adjustment of leaf fanout to 64.
[    0.000000] 	RCU restricting CPUs from NR_CPUS=512 to nr_cpu_ids=2.
[    0.000000] RCU: Adjusting geometry for rcu_fanout_leaf=64, nr_cpu_ids=2
[    0.000000] NR_IRQS:33024 nr_irqs:440 16
[    0.000000] Console: colour VGA+ 80x25
[    0.000000] console [tty1] enabled
[    0.000000] console [ttyS0] enabled
[    0.000000] tsc: Detected 2693.860 MHz processor
[    0.885548] Calibrating delay loop (skipped) preset value.. 5387.72 BogoMIPS (lpj=10775440)
[    0.890363] pid_max: default: 32768 minimum: 301
[    0.892911] ACPI: Core revision 20150930
[    0.896309] ACPI: 2 ACPI AML tables successfully acquired and loaded
[    0.899791] Security Framework initialized
[    0.901979] Yama: becoming mindful.
[    0.904054] AppArmor: AppArmor initialized
[    0.906391] Dentry cache hash table entries: 131072 (order: 8, 1048576 bytes)
[    0.912270] Inode-cache hash table entries: 65536 (order: 7, 524288 bytes)
[    0.916029] Mount-cache hash table entries: 2048 (order: 2, 16384 bytes)
[    0.919385] Mountpoint-cache hash table entries: 2048 (order: 2, 16384 bytes)
[    0.923047] Initializing cgroup subsys io
[    0.925611] Initializing cgroup subsys memory
[    0.928167] Initializing cgroup subsys devices
[    0.930567] Initializing cgroup subsys freezer
[    0.933165] Initializing cgroup subsys net_cls
[    0.935785] Initializing cgroup subsys perf_event
[    0.938421] Initializing cgroup subsys net_prio
[    0.940989] Initializing cgroup subsys hugetlb
[    0.943484] Initializing cgroup subsys pids
[    0.946245] mce: CPU supports 0 MCE banks
[    0.948531] Last level iTLB entries: 4KB 512, 2MB 8, 4MB 8
[    0.951479] Last level dTLB entries: 4KB 512, 2MB 32, 4MB 32, 1GB 0
[    0.954947] Spectre V2 : Mitigation: Full generic retpoline
[    0.957893] Spectre V2 : Spectre v2 / SpectreRSB mitigation: Filling RSB on context switch
[    0.962421] Speculative Store Bypass: Vulnerable
[    0.965012] MDS: Vulnerable: Clear CPU buffers attempted, no microcode
[    0.971703] Freeing SMP alternatives memory: 36K
[    0.980891] ftrace: allocating 32299 entries in 127 pages
[    1.055522] smpboot: APIC(0) Converting physical 0 to logical package 0
[    1.062966] smpboot: Max logical packages: 1
[    1.066067] x2apic enabled
[    1.068046] Switched APIC routing to physical x2apic.
[    1.071784] ..TIMER: vector=0x30 apic1=0 pin1=2 apic2=-1 pin2=-1
[    1.184128] smpboot: CPU0: Intel(R) Core(TM) i5-3330S CPU @ 2.70GHz (family: 0x6, model: 0x3a, stepping: 0x9)
[    1.192883] Performance Events: unsupported p6 CPU model 58 no PMU driver, software events only.
[    1.210826] KVM setup paravirtual spinlock
[    1.215634] x86: Booting SMP configuration:
[    1.218152] .... node  #0, CPUs:      #1
[    1.220803] kvm-clock: cpu 1, msr 0:3ffe3041, secondary cpu clock
[    1.223999] mce: CPU supports 0 MCE banks
[    1.227768] x86: Booted up 1 node, 2 CPUs
[    1.230361] smpboot: Total of 2 processors activated (10775.44 BogoMIPS)
[    1.236167] devtmpfs: initialized
[    1.246755] evm: security.selinux
[    1.248563] evm: security.SMACK64
[    1.252796] evm: security.SMACK64EXEC
[    1.260982] evm: security.SMACK64TRANSMUTE
[    1.266554] evm: security.SMACK64MMAP
[    1.268285] evm: security.ima
[    1.269754] evm: security.capability
[    1.281422] clocksource: jiffies: mask: 0xffffffff max_cycles: 0xffffffff, max_idle_ns: 7645041785100000 ns
[    1.288480] futex hash table entries: 512 (order: 3, 32768 bytes)
[    1.302646] pinctrl core: initialized pinctrl subsystem
[    1.310313] RTC time:  1:25:42, date: 08/14/19
[    1.315672] NET: Registered protocol family 16
[    1.328490] cpuidle: using governor ladder
[    1.344003] cpuidle: using governor menu
[    1.351408] PCCT header not found.
[    1.353663] ACPI: bus type PCI registered
[    1.355983] acpiphp: ACPI Hot Plug PCI Controller Driver version: 0.5
[    1.359305] PCI: Using configuration type 1 for base access
[    1.373495] ACPI: Added _OSI(Module Device)
[    1.375978] ACPI: Added _OSI(Processor Device)
[    1.378039] ACPI: Added _OSI(3.0 _SCP Extensions)
[    1.392542] ACPI: Added _OSI(Processor Aggregator Device)
[    1.396844] ACPI: Executed 1 blocks of module-level executable AML code
[    1.405995] ACPI: Interpreter enabled
[    1.409157] ACPI: (supports S0 S5)
[    1.413284] ACPI: Using IOAPIC for interrupt routing
[    1.415848] PCI: Using host bridge windows from ACPI; if necessary, use "pci=nocrs" and report a bug
[    1.431880] ACPI: PCI Root Bridge [PCI0] (domain 0000 [bus 00-ff])
[    1.434832] acpi PNP0A03:00: _OSC: OS supports [ASPM ClockPM Segments MSI]
[    1.438067] acpi PNP0A03:00: _OSC: not requesting OS control; OS requires [ExtendedConfig ASPM ClockPM MSI]
[    1.445862] acpi PNP0A03:00: fail to add MMCONFIG information, can't access extended PCI configuration space under this bridge.
[    1.455078] PCI host bridge to bus 0000:00
[    1.458268] pci_bus 0000:00: root bus resource [io  0x0000-0x0cf7 window]
[    1.462648] pci_bus 0000:00: root bus resource [io  0x0d00-0xffff window]
[    1.471408] pci_bus 0000:00: root bus resource [mem 0x000a0000-0x000bffff window]
[    1.477386] pci_bus 0000:00: root bus resource [mem 0x40000000-0xfdffffff window]
[    1.484907] pci_bus 0000:00: root bus resource [bus 00-ff]
[    1.491744] pci 0000:00:01.1: legacy IDE quirk: reg 0x10: [io  0x01f0-0x01f7]
[    1.498675] pci 0000:00:01.1: legacy IDE quirk: reg 0x14: [io  0x03f6]
[    1.521057] pci 0000:00:01.1: legacy IDE quirk: reg 0x18: [io  0x0170-0x0177]
[    1.527040] pci 0000:00:01.1: legacy IDE quirk: reg 0x1c: [io  0x0376]
[    1.560548] pci 0000:00:07.0: quirk: [io  0x4000-0x403f] claimed by PIIX4 ACPI
[    1.584967] pci 0000:00:07.0: quirk: [io  0x4100-0x410f] claimed by PIIX4 SMB
[    1.612006] ACPI: PCI Interrupt Link [LNKA] (IRQs 5 9 10 *11)
[    1.628927] ACPI: PCI Interrupt Link [LNKB] (IRQs 5 9 *10 11)
[    1.637231] ACPI: PCI Interrupt Link [LNKC] (IRQs 5 *9 10 11)
[    1.641355] ACPI: PCI Interrupt Link [LNKD] (IRQs 5 9 10 *11)
[    1.645320] ACPI: Enabled 2 GPEs in block 00 to 07
[    1.648706] vgaarb: setting as boot device: PCI:0000:00:02.0
[    1.651686] vgaarb: device added: PCI:0000:00:02.0,decodes=io+mem,owns=io+mem,locks=none
[    1.656238] vgaarb: loaded
[    1.657841] vgaarb: bridge control possible 0000:00:02.0
[    1.660950] SCSI subsystem initialized
[    1.665836] ACPI: bus type USB registered
[    1.671028] usbcore: registered new interface driver usbfs
[    1.674636] usbcore: registered new interface driver hub
[    1.680752] usbcore: registered new device driver usb
[    1.683959] PCI: Using ACPI for IRQ routing
[    1.689768] NetLabel: Initializing
[    1.695670] NetLabel:  domain hash size = 128
[    1.705779] NetLabel:  protocols = UNLABELED CIPSOv4
[    1.717627] NetLabel:  unlabeled traffic allowed by default
[    1.723663] amd_nb: Cannot enumerate AMD northbridges
[    1.726474] clocksource: Switched to clocksource kvm-clock
[    1.740013] AppArmor: AppArmor Filesystem Enabled
[    1.742592] pnp: PnP ACPI init
[    1.748841] pnp: PnP ACPI: found 3 devices
[   .7370]clckource: acpi_pm: mask: 0xffffff max_cycles: 0xffffff, max_idle_ns: 2085701024 ns
[    1.941833] NET: Registered protocol family 2

[    1.944564] TCP established hash table entries: 8192 (order: 4, 65536 bytes)
[    1.953862] TCP bind hash table entries: 8192 (order: 5, 131072 bytes)
[    1.957308] TCP: Hash tables configured (established 8192 bind 8192)
[    1.975859] UDP hash table entries: 512 (order: 2, 16384 bytes)
[    1.978653] UDP-Lite hash table entries: 512 (orde: 2, 16384 bytes)
[    2.009383] NET: Registered protocol family 1
[    2.012394] pci 0000:00:00.0: Limiting direct PCI/PCI transfers
[    2.016186] pci 0000:00:01.0: Activating ISA DMA hang workarounds
[    2.020338] Unpacking initramfs...

[    2.274494] Freeing initrd memory: 14832K
[    2.280838] RAPL PMU detected, API unit is 2^-32 Joules, 3 fixed counters 10737418240 ms ovfl timer
[    2.293983] hw unit of domain pp0-core 2^-0 Joules
[    2.296634] hw unit of domain package 2^-0 Joules
[    2.301672] hw unit of domain pp1-gpu 2^-0 Joules
[    2.305871] clocksource: tsc: mask: 0xffffffffffffffff max_cycles: 0x26d495e7549, max_idle_ns: 440795226485 ns
[    2.310675] platform rtc_cmos: registered platform RTC device (no PNP device found)
[    2.313950] Scanning for low memory corruption every 60 seconds
[    2.318248] audit: initializing netlink subsys (disabled)
[    2.322326] audit: type=2000 audit(1565745952.761:1): initialized
[    2.325542] Initialise system trusted keyring
[    2.345410] HugeTLB registered 2 MB page size, pre-allocated 0 pages
[    2.358018] zbud: loaded
[    2.365548] VFS: Disk quotas dquot_6.6.0
[    2.383542] VFS: Dquot-cache hash table entries: 512 (order 0, 4096 bytes)
[    2.398236] squashfs: version 4.0 (2009/01/31) Phillip Lougher
[    2.402569] fuse init (API version 7.23)
[    2.412437] Key type big_key registered
[    2.420907] Allocating IMA MOK and blacklist keyrings.
[    2.425486] Key type asymmetric registered
[    2.435678] Asymmetric key parser 'x509' registered
[    2.438336] Block layer SCSI generic (bsg) driver version 0.4 loaded (major 249)
[    2.448018] io scheduler noop registered
[    2.450100] io scheduler deadline registered (default)
[    2.454010] io scheduler cfq registered
[    2.464280] pci_hotplug: PCI Hot Plug PCI Core version: 0.5
[    2.467543] pciehp: PCI Express Hot Plug Controller Driver version: 0.4
[    2.471394] ACPI: AC Adapter [AC] (on-line)
[    2.473852] input: Power Button as /devices/LNXSYSTM:00/LNXPWRBN:00/input/input0
[    2.478251] ACPI: Power Button [PWRF]
[    2.480655] input: Sleep Button as /devices/LNXSYSTM:00/LNXSLPBN:00/input/input1
[    2.485171] ACPI: Sleep Button [SLPF]
[    2.487806] GHES: HEST is not enabled!
[    2.490026] Serial: 8250/16550 driver, 32 ports, IRQ sharing enabled
@ÿ[    2.520947] 00:02: ttyS0 at I/O 0x3f8 (irq = 4, base_baud = 115200) is a 16550A
[    2.528444] Linux agpgart interface v0.103
[    2.533043] loop: module loaded
[    2.536289] scsi host0: ata_piix
[    2.538527] scsi host1: ata_piix
[    2.540702] ata1: PATA max UDMA/33 cmd 0x1f0 ctl 0x3f6 bmdma 0xd000 irq 14
[    2.544260] ata2: PATA max UDMA/33 cmd 0x170 ctl 0x376 bmdma 0xd008 irq 15
[    2.549246] libphy: Fixed MDIO Bus: probed
[    2.554928] tun: Universal TUN/TAP device driver, 1.6
[    2.559305] tun: (C) 1999-2004 Max Krasnyansky <maxk@qualcomm.com>
[    2.573101] PPP generic driver version 2.4.2
[    2.576890] ehci_hcd: USB 2.0 'Enhanced' Host Controller (EHCI) Driver
[    2.580386] ehci-pci: EHCI PCI platform driver
[    2.583025] ehci-platform: EHCI generic platform driver
[    2.585745] ohci_hcd: USB 1.1 'Open' Host Controller (OHCI) Driver
[    2.589103] ohci-pci: OHCI PCI platform driver
[    2.591616] ohci-platform: OHCI generic platform driver
[    2.594494] uhci_hcd: USB Universal Host Controller Interface driver
[    2.601863] i8042: PNP: PS/2 Controller [PNP0303:PS2K,PNP0f03:PS2M] at 0x60,0x64 irq 1,12
[    2.606980] serio: i8042 KBD port at 0x60,0x64 irq 1
[    2.609501] serio: i8042 AUX port at 0x60,0x64 irq 12
[    2.612328] mousedev: PS/2 mouse device common for all mice
[    2.617239] rtc_cmos rtc_cmos: rtc core: registered rtc_cmos as rtc0
[    2.620291] rtc_cmos rtc_cmos: alarms up to one day, 114 bytes nvram
[    2.636130] input: AT Translated Set 2 keyboard as /devices/platform/i8042/serio0/input/input2
[    2.644076] i2c /dev entries driver
[    2.644245] device-mapper: uevent: version 1.0.3
[    2.661068] device-mapper: ioctl: 4.34.0-ioctl (2015-10-28) initialised: dm-devel@redhat.com
[    2.661085] ledtrig-cpu: registered to indicate activity on CPUs
[    2.662274] NET: Registered protocol family 10
[    2.662546] NET: Registered protocol family 17
[    2.662554] Key type dns_resolver registered
[    2.662800] registered taskstats version 1
[    2.662817] Loading compiled-in X.509 certificates
[    2.664797] Loaded X.509 cert 'Build time autogenerated kernel key: 65139e04a67245b562a838c28b5e7032abdd4348'
[    2.664851] zswap: loaded using pool lzo/zbud
[    2.669251] Key type trusted registered
[    2.674543] Key type encrypted registered
[    2.674600] AppArmor: AppArmor sha1 policy hashing enabled
[    2.674628] ima: No TPM chip found, activating TPM-bypass!
[    2.674658] ima: Allocated hash algorithm: sha1
[    2.674721] evm: HMAC attrs: 0x1
[    2.675851]   Magic number: 15:540:407
[    2.675874] platform ACPI0003:00: hash matches
[    2.675877] ac ACPI0003:00: hash matches
[    2.676325] rtc_cmos rtc_cmos: setting system clock to 2019-08-14 01:25:43 UTC (1565745943)
[    2.676404] BIOS EDD facility v0.16 2004-Jun-25, 0 devices found
[    2.676404] EDD information not available.
[    2.846834] Freeing unused kernel memory: 1484K
[    2.874033] Write protecting the kernel read-only data: 14336k
[    2.877710] Freeing unused kernel memory: 1616K
[    2.880634] Freeing unused kernel memory: 68K
Loading, please wait...
starting version[    2.901804] random: systemd-udevd: uninitialized urandom read (16 bytes read, 2 bits of entropy available)
 229
[    2.902119] random: udevadm: uninitialized urandom read (16 bytes read, 2 bits of entropy available)
[    2.902143] random: udevadm: uninitialized urandom read (16 bytes read, 2 bits of entropy available)
[    2.917051] random: systemd-udevd: uninitialized urandom read (16 bytes read, 2 bits of entropy available)
[    2.921876] random: systemd-udevd: uninitialized urandom read (16 bytes read, 2 bits of entropy available)
[    2.926620] random: systemd-udevd: uninitialized urandom read (16 bytes read, 2 bits of entropy available)
[    2.932194] random: udevadm: uninitialized urandom read (16 bytes read, 2 bits of entropy available)
[    2.932271] random: systemd-udevd: uninitialized urandom read (16 bytes read, 2 bits of entropy available)
[    2.932289] random: systemd-udevd: uninitialized urandom read (16 bytes read, 2 bits of entropy available)
[    2.932298] random: systemd-udevd: uninitialized urandom read (16 bytes read, 2 bits of entropy available)
[    2.994038] e1000: Intel(R) PRO/1000 Network Driver - version 7.3.21-k8-NAPI
[    2.998349] e1000: Copyright (c) 1999-2006 Intel Corporation.
[    3.007898] Fusion MPT base driver 3.04.20
[    3.009819] Copyright (c) 1999-2008 LSI Corporation
[    3.032593] AVX version of gcm_enc/dec engaged.
[    3.036194] AES CTR mode by8 optimization enabled
[    3.060907] Fusion MPT SPI Host driver 3.04.20
[    3.224309] input: ImExPS/2 Generic Explorer Mouse as /devices/platform/i8042/serio1/input/input4
[    3.514324] e1000 0000:00:03.0 eth0: (PCI:33MHz:32-bit) 02:cf:25:3b:33:74
[    3.521891] e1000 0000:00:03.0 eth0: Intel(R) PRO/1000 Network Connection
[    3.995143] e1000 0000:00:08.0 eth1: (PCI:33MHz:32-bit) 08:00:27:92:37:f2
[    4.000229] e1000 0000:00:08.0 eth1: Intel(R) PRO/1000 Network Connection
[    4.006426] e1000 0000:00:08.0 enp0s8: renamed from eth1
[    4.010897] mptbase: ioc0: Initiating bringup
[    4.023347] e1000 0000:00:03.0 enp0s3: renamed from eth0
[    4.118962] ioc0: LSI53C1030 A0: Capabilities={Initiator}
[    4.286536] scsi host2: ioc0: LSI53C1030 A0, FwRev=00000000h, Ports=1, MaxQ=256, IRQ=20
[    4.399599] scsi 2:0:0:0: Direct-Access     VBOX     HARDDISK         1.0  PQ: 0 ANSI: 5
[    4.407233] scsi target2:0:0: Beginning Domain Validation
[    4.415551] scsi target2:0:0: Domain Validation skipping write tests
[    4.533183] scsi target2:0:0: Ending Domain Validation
[    4.547260] scsi target2:0:0: asynchronous
[    4.976679] scsi 2:0:1:0: Direct-Access     VBOX     HARDDISK         1.0  PQ: 0 ANSI: 5
[    4.980792] scsi target2:0:1: Beginning Domain Validation
[    5.055857] scsi target2:0:1: Domain Validation skipping write tests
[    5.058977] scsi target2:0:1: Ending Domain Validation
[    5.061555] scsi target2:0:1: asynchronous
[    5.075773] sd 2:0:0:0: [sda] 20971520 512-byte logical blocks: (10.7 GB/10.0 GiB)
[    5.081912] sd 2:0:0:0: Attached scsi generic sg0 type 0
[    5.086654] sd 2:0:0:0: [sda] Write Protect is off
[    5.089252] sd 2:0:1:0: [sdb] 20480 512-byte logical blocks: (10.5 MB/10.0 MiB)
[    5.093010] sd 2:0:1:0: Attached scsi generic sg1 type 0
[    5.096028] sd 2:0:0:0: [sda] Incomplete mode parameter data
[    5.099172] sd 2:0:0:0: [sda] Assuming drive cache: write through
[    5.122739] sd 2:0:1:0: [sdb] Write Protect is off
[    5.131552] sd 2:0:1:0: [sdb] Incomplete mode parameter data
[    5.131552]  sda: sda1
[    5.133189] sd 2:0:0:0: [sda] Attached SCSI disk
[    5.142991] sd 2:0:1:0: [sdb] Assuming drive cache: write through
[    5.319268] sd 2:0:1:0: [sdb] Attached SCSI disk
Begin: Loading essential drivers ... [    7.058468] md: linear personality registered for level -1
[    7.068736] md: multipath personality registered for level -4
[    7.074431] md: raid0 personality registered for level 0
[    7.082119] md: raid1 personality registered for level 1
[    7.154501] raid6: sse2x1   gen()  8108 MB/s
[    7.227043] raid6: sse2x1   xor()  6146 MB/s
[    7.310540] raid6: sse2x2   gen()  8473 MB/s
[    7.379001] raid6: sse2x2   xor()  7020 MB/s
[    7.451968] raid6: sse2x4   gen() 12639 MB/s
[    7.518814] raid6: sse2x4   xor()  8727 MB/s
[    7.524711] raid6: using algorithm sse2x4 gen() 12639 MB/s
[    7.531895] raid6: .... xor() 8727 MB/s, rmw enabled
[    7.545394] raid6: using ssse3x2 recovery algorithm
[    7.552865] xor: automatically using best checksumming function:
[    7.594505]    avx       : 38431.000 MB/sec
[    7.598206] async_tx: api initialized (async)
[    7.619194] md: raid6 personality registered for level 6
[    7.632623] md: raid5 personality registered for level 5
[    7.637030] md: raid4 personality registered for level 4
[    7.650179] md: raid10 personality registered for level 10
done.
Begin: Running /scripts/init-premount ... done.
Begin: Mounting root file system ... Begin: Running /scripts/local-top ... done.
Begin: Running /scripts/local-premount ... [    7.690556] Btrfs loaded
Scanning for Btrfs filesystems
done.
Warning: fsck not present, so skipping root file system
[    8.340480] EXT4-fs (sda1): mounted filesystem with ordered data mode. Opts: (null)
done.
Begin: Running /scripts/local-bottom ... done.
Begin: Running /scripts/init-bottom ... done.
[    9.064461] systemd[1]: systemd 229 running in system mode. (+PAM +AUDIT +SELINUX +IMA +APPARMOR +SMACK +SYSVINIT +UTMP +LIBCRYPTSETUP +GCRYPT +GNUTLS +ACL +XZ -LZ4 +SECCOMP +BLKID +ELFUTILS +KMOD -IDN)
[    9.073733] systemd[1]: Detected virtualization oracle.
[    9.076450] systemd[1]: Detected architecture x86-64.

Welcome to [1mUbuntu 16.04.6 LTS[0m!

[    9.109198] systemd[1]: Set hostname to <webserver-tz>.
[   10.216081] random: nonblocking pool is initialized
[   10.463035] systemd[1]: Listening on Journal Socket (/dev/log).
[[0;32m  OK  [0m] Listening on Journal Socket (/dev/log).
[   10.475339] systemd[1]: Started Forward Password Requests to Wall Directory Watch.
[[0;32m  OK  [0m] Started Forward Password Requests to Wall Directory Watch.
[   10.490868] systemd[1]: Reached target Encrypted Volumes.
[[0;32m  OK  [0m] Reached target Encrypted Volumes.
[   10.504884] systemd[1]: Set up automount Arbitrary Executable File Formats File System Automount Point.
[[0;32m  OK  [0m] Set up automount Arbitrary Executab...ats File System Automount Point.
[   10.530563] systemd[1]: Created slice User and Session Slice.
[[0;32m  OK  [0m] Created slice User and Session Slice.
[   10.536310] systemd[1]: Reached target User and Group Name Lookups.
[[0;32m  OK  [0m] Reached target User and Group Name Lookups.
[   10.572613] systemd[1]: Listening on udev Control Socket.
[[0;32m  OK  [0m] Listening on udev Control Socket.
[   10.623305] systemd[1]: Listening on /dev/initctl Compatibility Named Pipe.
[[0;32m  OK  [0m] Listening on /dev/initctl Compatibility Named Pipe.
[   10.638917] systemd[1]: Reached target System Time Synchronized.
[[0;32m  OK  [0m] Reached target System Time Synchronized.
[   10.663640] systemd[1]: Listening on Journal Socket.
[[0;32m  OK  [0m] Listening on Journal Socket.
[   10.670183] systemd[1]: Created slice System Slice.
[[0;32m  OK  [0m] Created slice System Slice.
[   10.691014] systemd[1]: Starting Remount Root and Kernel File Systems...
         Starting Remount Root and Kernel File Systems...
[   10.699273] systemd[1]: Starting Uncomplicated firewall...
         Starting Uncomplicated firewall...
[   10.711191] systemd[1]: Reached target Slices.
[[0;32m  OK  [0m] Reached target Slices.
[   10.719568] systemd[1]: Created slice system-serial\x2dgetty.slice.
[[0;32m  OK  [0m] Created slice system-serial\x2dgetty.slice.
[   10.754838] systemd[1]: Mounting Debug File System...
         Mounting Debug File System...
[   10.783081] EXT4-fs (sda1): re-mounted. Opts: (null)
[   10.799342] systemd[1]: Starting Load Kernel Modules...
         Starting Load Kernel Modules...
[   10.810934] systemd[1]: Listening on LVM2 metadata daemon socket.
[[0;32m  OK  [0m] Listening on LVM2 metadata daemon socket.
[   10.857674] Loading iSCSI transport class v2.0-870.
[   10.862696] systemd[1]: Mounting POSIX Message Queue File System...
         Mounting POSIX Message Queue File System...
[   10.880238] systemd[1]: Starting Nameserver information manager...
         Starting Nameserver inf[   10.897001] iscsi: registered transport (tcp)
ormation manager...
[   10.902137] systemd[1]: Listening on Syslog Socket.
[[0;32m  OK  [0m] Listening on Syslog Socket.
[   10.908377] systemd[1]: Listening on LVM2 poll daemon socket.
[[0;32m  OK  [0m] Listening on LVM2 poll daemon socket.
[   10.915241] systemd[1]: Listening on udev Kernel Socket.
[[0;32m  OK  [0m] Listening on udev Kernel Socket.
[   10.922404] systemd[1]: Listening on Journal Audit Socket.
[[0;32m  OK  [0m] Listening on Journal Audit Socket.
[   10.943263] systemd[1]: Starting Journal Service...
         Starting Journal Service...
[   10.952113] systemd[1]: Starting Create list of required static device nodes for the current kernel...
         Starting Create list of required st... nodes for the current kernel...
[   10.965528] systemd[1]: Listening on Device-mapper event daemon FIFOs.
[[0;32m  OK  [0m] Listening on Device-mapper event daemon FIFOs.
[   10.981233] systemd[1]: Starting Monitoring of LVM2 mirrors, snapshots etc. using dmeventd or progress polling...
         Starting Monitoring of LVM2 mirrors... dmeventd or progress polling...
[   10.995228] systemd[1]: Starting Set console keymap...
         Starting Set console keymap...
[   11.002338] systemd[1]: Mounting Huge Pages File System...
         Mounting Huge Pages File System...
[   11.030983] systemd[1]: Reached target Swap.
[[0;32m  OK  [0m] Reached target Swap.
[   11.046938] systemd[1]: Started Trigger resolvconf update for networkd DNS.
[[0;32m  OK  [0m] Started Trigger resolvconf update for networkd DNS.
[   11.082596] iscsi: registered transport (iser)
[   11.089552] systemd[1]: Mounted POSIX Message Queue File System.
[[0;32m  OK  [0m] Mounted POSIX Message Queue File System.
[   11.099245] systemd[1]: Mounted Debug File System.
[[0;32m  OK  [0m] Mounted Debug File System.
[   11.111215] systemd[1]: Mounted Huge Pages File System.
[[0;32m  OK  [0m] Mounted Huge Pages File System.
[   11.119162] systemd[1]: Started Remount Root and Kernel File Systems.
[[0;32m  OK  [0m] Started Remount Root and Kernel File Systems.
[   11.135869] systemd[1]: Started Uncomplicated firewall.
[[0;32m  OK  [0m] Started Uncomplicated firewall.
[   11.144540] systemd[1]: Started Load Kernel Modules.
[[0;32m  OK  [0m] Started Load Kernel Modules.
[   11.163621] systemd[1]: Started Create list of required static device nodes for the current kernel.
[[0;32m  OK  [0m] Started Create list of required sta...ce nodes for the current kernel.
[   11.178992] systemd[1]: Started Journal Service.
[[0;32m  OK  [0m] Started Journal Service.
[[0;32m  OK  [0m] Started Nameserver information manager.
[[0;32m  OK  [0m] Started Set console keymap.
[[0;32m  OK  [0m] Started LVM2 metadata daemon.
         Starting Create Static Device Nodes in /dev...
         Mounting FUSE Control File System...
         Starting Apply Kernel Variables...
         Starting udev Coldplug all Devices...
         Starting Load/Save Random Seed...
         Starting Flush Journal to Persistent Storage...
[[0;32m  OK  [0m] Mounted FUSE Control File System.
[[0;32m  OK  [0m] Started Load/Save Random Seed.
[   11.397904] systemd-journald[396]: Received request to flush runtime journal from PID 1
[[0;32m  OK  [0m] Started Flush Journal to Persistent Storage.
[[0;32m  OK  [0m] Started Apply Kernel Variables.
[[0;32m  OK  [0m] Started udev Coldplug all Devices.
[[0;32m  OK  [0m] Started Monitoring of LVM2 mirrors,...ng dmeventd or progress polling.
[[0;32m  OK  [0m] Started Create Static Device Nodes in /dev.
[[0;32m  OK  [0m] Reached target Local File Systems (Pre).
[[0;32m  OK  [0m] Reached target Local File Systems.
         Starting LSB: AppArmor initialization...
         Starting Initial cloud-init job (pre-networking)...
         Starting Tell Plymouth To Write Out Runtime Data...
         Starting Create Volatile Files and Directories...
         Starting Set console font and keymap...
         Starting udev Kernel Device Manager...
[[0;32m  OK  [0m] Started Tell Plymouth To Write Out Runtime Data.
[[0;32m  OK  [0m] Started Create Volatile Files and Directories.
         Starting Update UTMP about System Boot/Shutdown...
[[0;32m  OK  [0m] Started Update UTMP about System Boot/Shutdown.
[[0;32m  OK  [0m] Started udev Kernel Device Manager.
[[0;32m  OK  [0m] Started Dispatch Password Requests to Console Directory Watch.
[[0;32m  OK  [0m] Found device /dev/ttyS0.
[[0;32m  OK  [0m] Started Set console font and keymap.
[[0;32m  OK  [0m] Created slice system-getty.slice.
[[0;32m  OK  [0m] Listening on Load/Save RF Kill Switch Status /dev/rfkill Watch.
[[0;32m  OK  [0m] Started LSB: AppArmor initialization.
[[0;32m  OK  [0m] Found device 82540EM Gigabit Ethern...r (PRO/1000 MT Desktop Adapter).
[[0;32m  OK  [0m] Found device 82540EM Gigabit Ethern...r (PRO/1000 MT Desktop Adapter).
[   15.018753] cloud-init[473]: Cloud-init v. 19.1-1-gbaa47854-0ubuntu1~16.04.1 running 'init-local' at Wed, 14 Aug 2019 01:25:56 +0000. Up 14.34 seconds.
[[0;32m  OK  [0m] Started Initial cloud-init job (pre-networking).
[[0;32m  OK  [0m] Reached target Network (Pre).
[[0;32m  OK  [0m] Started ifup for enp0s3.
         Starting Raise network interfaces...
[[0;32m  OK  [0m] Started ifup for enp0s8.
[[0;32m  OK  [0m] Started Raise network interfaces.
[[0;32m  OK  [0m] Reached target Network.
         Starting Initial cloud-init job (metadata service crawler)...
[   16.948745] cloud-init[1086]: Cloud-init v. 19.1-1-gbaa47854-0ubuntu1~16.04.1 running 'init' at Wed, 14 Aug 2019 01:25:57 +0000. Up 15.89 seconds.
[   16.956814] cloud-init[1086]: ci-info: ++++++++++++++++++++++++++++++++++++++Net device info+++++++++++++++++++++++++++++++++++++++
[   16.964135] cloud-init[1086]: ci-info: +--------+------+-----------------------------+---------------+--------+-------------------+
[   16.971465] cloud-init[1086]: ci-info: | Device |  Up  |           Address           |      Mask     | Scope  |     Hw-Address    |
[   16.986054] cloud-init[1086]: ci-info: +--------+------+-----------------------------+---------------+--------+-------------------+
[   16.993554] cloud-init[1086]: ci-info: | enp0s3 | True |          10.0.2.15          | 255.255.255.0 | global | 02:cf:25:3b:33:74 |
[   17.005811] cloud-init[1086]: ci-info: | enp0s3 | True |  fe80::cf:25ff:fe3b:3374/64 |       .       |  link  | 02:cf:25:3b:33:74 |
[   17.013265] cloud-init[1086]: ci-info: | enp0s8 | True |         192.168.2.11        | 255.255.255.0 | global | 08:00:27:92:37:f2 |
[   17.021271] cloud-init[1086]: ci-info: | enp0s8 | True | fe80::a00:27ff:fe92:37f2/64 |       .       |  link  | 08:00:27:92:37:f2 |
[   17.032944] cloud-init[1086]: ci-info: |   lo   | True |          127.0.0.1          |   255.0.0.0   |  host  |         .         |
[   17.042950] cloud-init[1086]: ci-info: |   lo   | True |           ::1/128           |       .       |  host  |         .         |
[   17.057694] cloud-init[1086]: ci-info: +--------+------+-----------------------------+---------------+--------+-------------------+
[   17.068033] cloud-init[1086]: ci-info: +++++++++++++++++++++++++++Route IPv4 info++++++++++++++++++++++++++++
[   17.075970] cloud-init[1086]: ci-info: +-------+-------------+----------+---------------+-----------+-------+
[[   17.096688] cloud-init[1086]: ci-info: | Route | Destination | Gateway  |    Genmask    | Interface | Flags |
[   17.097956] cloud-init[1086]: ci-info: +-------+-------------+----------+---------------+-----------+-------+
[   17.098771] cloud-init[1086]: ci-info: |   0   |   0.0.0.0   | 10.0.2.2 |    0.0.0.0    |   enp0s3  |   UG  |
[   17.099337] cloud-init[1086]: ci-info: |   1   |   10.0.2.0  | 0.0.0.0  | 255.255.255.0 |   enp0s3  |   U   |
[   17.110858] cloud-init[1086]: ci-info: |   2   | 192.168.2.0 | 0.0.0.0  | 255.255.255.0 |   enp0s8  |   U   |
[0;32m  OK  [0m] Started Initial cloud-init job (metadata service crawler).
[   17.123018] cloud-init[1086]: ci-info: +-------+-------------+----------+---------------+-----------+-------+
[   17.146603] cloud-init[1086]: ci-info: +++++++++++++++++++Route IPv6 info+++++++++++++++++++
[   17.147558] cloud-init[1086]: ci-info: +-------+-------------+---------+-----------+-------+
[[0;32m  OK  [0m] Reached target System Initialization.
[   17.150658] cloud-init[1086]: ci-info: | Route | Destination | Gateway | Interface | Flags |
[[0;32m  OK  [0m] Listening on D-Bus System Message Bus Socket.
[   17.162897] cloud-init[1086]: ci-info: +-------+-------------+---------+-----------+-------+
[[   17.198192] cloud-init[1086]: ci-info: |   0   |  fe80::/64  |    ::   |   enp0s8  |   U   |
[0;32m  OK  [0m] Started Daily apt download activities.
[   17.199825] cloud-init[1086]: ci-info: |   1   |  fe80::/64  |    ::   |   enp0s3  |   U   |
[   17.237073] cloud-init[1086]: ci-info: |   4   |   ff00::/8  |    ::   |   enp0s8  |   U   |
[   17.238434] cloud-init[1086]: ci-info: |   5   |   ff00::/8  |    ::   |   enp0s3  |   U   |
         Starting Socket activation for snappy daemon.
[   17.239459] cloud-init[1086]: ci-info: +-------+-------------+---------+-----------+-------+
[[0;32m  OK  [0m] Started ACPI Events Check.
[[0;32m  OK  [0m] Reached target Paths.
[[0;32m  OK  [0m] Started Daily Cleanup of Temporary Directories.
[[0;32m  OK  [0m] Started Daily apt upgrade and clean activities.
[[0;32m  OK  [0m] Reached target Timers.
         Starting LXD - unix socket.
[[0;32m  OK  [0m] Listening on ACPID Listen Socket.
[[0;32m  OK  [0m] Listening on UUID daemon activation socket.
[[0;32m  OK  [0m] Reached target Network is Online.
         Starting iSCSI initiator daemon (iscsid)...
[[0;32m  OK  [0m] Reached target Cloud-config availability.
[[0;32m  OK  [0m] Listening on Socket activation for snappy daemon.
[[0;32m  OK  [0m] Listening on LXD - unix socket.
[[0;32m  OK  [0m] Reached target Sockets.
[[0;32m  OK  [0m] Reached target Basic System.
         Starting LSB: Record successful boot for GRUB...
         Starting /etc/rc.local Compatibility...
[[0;32m  OK  [0m] Started D-Bus System Message Bus.
         Starting System Logging Service...
[[0;32m  OK  [0m] Started Regular background program processing daemon.
[[0;32m  OK  [0m] Started ACPI event daemon.
         Starting Snappy daemon...
         Starting Virtualbox guest utils...
         Starting Accounts Service...
         Starting LXD - container startup/shutdown...
         Starting LSB: MD monitoring daemon...
[[0;32m  OK  [0m] Started Deferred execution scheduler.
         Starting Login Service...
[[0;32m  OK  [0m] Started FUSE filesystem for LXC.
         Starting OpenBSD Secure Shell server...
[[0;32m  OK  [0m] Started iSCSI initiator daemon (iscsid).
[[0;32m  OK  [0m] Started /etc/rc.local Compatibility.
[[0;32m  OK  [0m] Started System Logging Service.
         Starting Login to default iSCSI targets...
[[0;32m  OK  [0m] Started Login Service.
[[0;32m  OK  [0m] Started Unattended Upgrades Shutdown.
[[0;32m  OK  [0m] Started LSB: Record successful boot for GRUB.
[[0;32m  OK  [0m] Started LSB: MD monitoring daemon.
[[0;32m  OK  [0m] Started Login to default iSCSI targets.
[[0;32m  OK  [0m] Reached target Remote File Systems (Pre).
[[0;32m  OK  [0m] Reached target Remote File Systems.
         Starting LSB: Apache2 web server...
         Starting LSB: automatic crash report generation...
         Starting Permit User Sessions...
         Starting LSB: Set the CPU Frequency Scaling governor to "ondemand"...
         Starting LSB: daemon to balance interrupts for SMP systems...
[[0;32m  OK  [0m] Started LSB: Set the CPU Frequency Scaling governor to "ondemand".
[[0;32m  OK  [0m] Started Permit User Sessions.
         Starting Hold until boot process finishes up...
         Starting Terminate Plymouth Boot Screen...
[[0;32m  OK  [0m] Started Hold until boot process finishes up.
[[0;32m  OK  [0m] Started Getty on tty1.
         Starting Set console scheme...
[[0;32m  OK  [0m] Started Serial Getty on ttyS0.
[[0;32m  OK  [0m] Reached target Login Prompts.
[[0;32m  OK  [0m] Started Terminate Plymouth Boot Screen.
[[0;32m  OK  [0m] Started Set console scheme.
[[0;32m  OK  [0m] Started LSB: daemon to balance interrupts for SMP systems.
[[0;32m  OK  [0m] Started LSB: automatic crash report generation.
[[0;32m  OK  [0m] Started Virtualbox guest utils.
[[0;32m  OK  [0m] Started OpenBSD Secure Shell server.
         Starting Authenticate and Authorize Users to Run Privileged Tasks...
[[0;32m  OK  [0m] Started Authenticate and Authorize Users to Run Privileged Tasks.
[[0;32m  OK  [0m] Started Accounts Service.
[[0;32m  OK  [0m] Started LXD - container startup/shutdown.
[[0;32m  OK  [0m] Started Snappy daemon.
         Starting Wait until snapd is fully seeded...
[[0;32m  OK  [0m] Started Wait until snapd is fully seeded.
         Starting Apply the settings specified in cloud-config...
[   21.415813] cloud-init[1364]: Cloud-init v. 19.1-1-gbaa47854-0ubuntu1~16.04.1 running 'modules:config' at Wed, 14 Aug 2019 01:26:03 +0000. Up 21.24 seconds.
[[0;32m  OK  [0m] Started Apply the settings specified in cloud-config.
[[0;32m  OK  [0m] Started LSB: Apache2 web server.
[[0;32m  OK  [0m] Reached target Multi-User System.
[[0;32m  OK  [0m] Reached target Graphical Interface.
         Starting Update UTMP about System Runlevel Changes...
         Starting Execute cloud user/final scripts...
[[0;32m  OK  [0m] Started Update UTMP about System Runlevel Changes.
[   22.424991] cloud-init[1386]: Cloud-init v. 19.1-1-gbaa47854-0ubuntu1~16.04.1 running 'modules:final' at Wed, 14 Aug 2019 01:26:04 +0000. Up 22.22 seconds.
[   22.476512] cloud-init[1386]: Cloud-init v. 19.1-1-gbaa47854-0ubuntu1~16.04.1 finished at Wed, 14 Aug 2019 01:26:04 +0000. Datasource DataSourceNoCloud [seed=/dev/sdb][dsmode=net].  Up 22.40 seconds
[[0;32m  OK  [0m] Started Execute cloud user/final scripts.
[[0;32m  OK  [0m] Reached target Cloud-init target.

Ubuntu 16.04.6 LTS webserver-tz ttyS0

webserver-tz login: 